<?xml version="1.0" encoding="UTF-8"?>
<testsuite xmlns:xsi="http://www.w3.org/2001/XMLSchema-instance" xsi:schemaLocation="https://maven.apache.org/surefire/maven-surefire-plugin/xsd/surefire-test-report.xsd" name="pl.polsl.TaskManagerTest" time="0.223" tests="24" errors="0" skipped="0" failures="0">
  <properties>
    <property name="java.runtime.name" value="Java(TM) SE Runtime Environment"/>
    <property name="java.vm.version" value="19.0.1+10-21"/>
    <property name="sun.boot.library.path" value="W:\Program Files\Java\jdk-19\bin"/>
    <property name="maven.multiModuleProjectDirectory" value="W:\repos\JAVA_PROJ\JIRA_with_GUI"/>
    <property name="java.vm.vendor" value="Oracle Corporation"/>
    <property name="java.vendor.url" value="https://java.oracle.com/"/>
    <property name="guice.disable.misplaced.annotation.check" value="true"/>
    <property name="path.separator" value=";"/>
    <property name="java.vm.name" value="Java HotSpot(TM) 64-Bit Server VM"/>
    <property name="sun.os.patch.level" value=""/>
    <property name="user.script" value=""/>
    <property name="user.country" value="PL"/>
    <property name="sun.java.launcher" value="SUN_STANDARD"/>
    <property name="java.vm.specification.name" value="Java Virtual Machine Specification"/>
    <property name="user.dir" value="W:\repos\JAVA_PROJ\JIRA_with_GUI"/>
    <property name="java.vm.compressedOopsMode" value="Zero based"/>
    <property name="java.runtime.version" value="19.0.1+10-21"/>
    <property name="os.arch" value="amd64"/>
    <property name="java.io.tmpdir" value="C:\Users\Roch\AppData\Local\Temp\"/>
    <property name="line.separator" value="&#10;"/>
    <property name="java.vm.specification.vendor" value="Oracle Corporation"/>
    <property name="user.variant" value=""/>
    <property name="stderr.encoding" value="Cp1250"/>
    <property name="os.name" value="Windows 10"/>
    <property name="maven.ext.class.path" value="W:\Program Files\NetBeans-15\netbeans\java\maven-nblib\netbeans-eventspy.jar"/>
    <property name="classworlds.conf" value="W:\Program Files\NetBeans-15\netbeans\java\maven\bin\m2.conf"/>
    <property name="sun.jnu.encoding" value="Cp1250"/>
    <property name="stdout.encoding" value="Cp1250"/>
    <property name="java.library.path" value="W:\Program Files\Java\jdk-19\bin;C:\Windows\Sun\Java\bin;C:\Windows\system32;C:\Windows;C:\Program Files\Common Files\Oracle\Java\javapath;C:\Windows\system32;C:\Windows;C:\Windows\System32\Wbem;C:\Windows\System32\WindowsPowerShell\v1.0\;C:\Windows\System32\OpenSSH\;C:\Program Files\dotnet\;W:\Program Files\Git\cmd;W:\Program Files\MATLAB\R2021b\runtime\win64;W:\Program Files\MATLAB\R2021b\bin;C:\Program Files\Microsoft SQL Server\130\Tools\Binn\;C:\Program Files\Microsoft SQL Server\Client SDK\ODBC\170\Tools\Binn\;W;C:\Program Files (x86)\Microsoft SQL Server\150\DTS\Binn\;C:\Program Files\Azure Data Studio\bin;C:\Program Files (x86)\Microsoft SQL Server\150\Tools\Binn\;C:\Program Files\Microsoft SQL Server\150\Tools\Binn\;C:\Program Files\Microsoft SQL Server\150\DTS\Binn\;W:\Program Files\MATLAB\R2019a\bin;C:\Users\Roch\AppData\Local\Microsoft\WindowsApps;C:\Users\Roch\.dotnet\tools;W:\Program Files\MiKTeX\miktex\bin\x64\;C:\Program Files\Azure Data Studio\bin;."/>
    <property name="maven.conf" value="W:\Program Files\NetBeans-15\netbeans\java\maven/conf"/>
    <property name="jdk.debug" value="release"/>
    <property name="java.class.version" value="63.0"/>
    <property name="java.specification.name" value="Java Platform API Specification"/>
    <property name="sun.management.compiler" value="HotSpot 64-Bit Tiered Compilers"/>
    <property name="os.version" value="10.0"/>
    <property name="library.jansi.path" value="W:\Program Files\NetBeans-15\netbeans\java\maven\lib\jansi-native"/>
    <property name="user.home" value="C:\Users\Roch"/>
    <property name="user.timezone" value="Europe/Warsaw"/>
    <property name="file.encoding" value="UTF-8"/>
    <property name="java.specification.version" value="19"/>
    <property name="user.name" value="Roch"/>
    <property name="java.class.path" value="W:\Program Files\NetBeans-15\netbeans\java\maven\boot\plexus-classworlds-2.6.0.jar"/>
    <property name="java.vm.specification.version" value="19"/>
    <property name="sun.arch.data.model" value="64"/>
    <property name="sun.java.command" value="org.codehaus.plexus.classworlds.launcher.Launcher -Dmaven.ext.class.path=W:\Program Files\NetBeans-15\netbeans\java\maven-nblib\netbeans-eventspy.jar install"/>
    <property name="java.home" value="W:\Program Files\Java\jdk-19"/>
    <property name="user.language" value="pl"/>
    <property name="java.specification.vendor" value="Oracle Corporation"/>
    <property name="java.vm.info" value="mixed mode, sharing"/>
    <property name="java.version" value="19.0.1"/>
    <property name="native.encoding" value="Cp1250"/>
    <property name="java.vendor" value="Oracle Corporation"/>
    <property name="maven.home" value="W:\Program Files\NetBeans-15\netbeans\java\maven"/>
    <property name="file.separator" value="\"/>
    <property name="java.version.date" value="2022-10-18"/>
    <property name="java.vendor.url.bug" value="https://bugreport.java.com/bugreport/"/>
    <property name="sun.io.unicode.encoding" value="UnicodeLittle"/>
    <property name="sun.cpu.endian" value="little"/>
    <property name="sun.cpu.isalist" value="amd64"/>
  </properties>
  <testcase name="testShouldThrowExceptionWhenTriedToRemoveNonExistingTask{String, String, String, String, String, String}[1]" classname="pl.polsl.TaskManagerTest" time="0.17"/>
  <testcase name="testShouldThrowExceptionWhenTriedToRemoveNonExistingTask{String, String, String, String, String, String}[2]" classname="pl.polsl.TaskManagerTest" time="0"/>
  <testcase name="testShouldThrowExceptionWhenTriedToRemoveNonExistingTask{String, String, String, String, String, String}[3]" classname="pl.polsl.TaskManagerTest" time="0.001"/>
  <testcase name="testShouldThrowExceptionWhenTriedToRemoveNonExistingTask{String, String, String, String, String, String}[4]" classname="pl.polsl.TaskManagerTest" time="0"/>
  <testcase name="testShouldRemovePerson{String, String, String, String, String, String}[1]" classname="pl.polsl.TaskManagerTest" time="0.001"/>
  <testcase name="testShouldRemovePerson{String, String, String, String, String, String}[2]" classname="pl.polsl.TaskManagerTest" time="0"/>
  <testcase name="testShouldRemovePerson{String, String, String, String, String, String}[3]" classname="pl.polsl.TaskManagerTest" time="0.001"/>
  <testcase name="testShouldRemovePerson{String, String, String, String, String, String}[4]" classname="pl.polsl.TaskManagerTest" time="0"/>
  <testcase name="testShouldNotAllowToAddTaskWithTheSameID{String, String, String, String, String}[1]" classname="pl.polsl.TaskManagerTest" time="0.001"/>
  <testcase name="testShouldNotAllowToAddTaskWithTheSameID{String, String, String, String, String}[2]" classname="pl.polsl.TaskManagerTest" time="0"/>
  <testcase name="testShouldNotAllowToAddTaskWithTheSameID{String, String, String, String, String}[3]" classname="pl.polsl.TaskManagerTest" time="0.001"/>
  <testcase name="testShouldNotAllowToAddTaskWithTheSameID{String, String, String, String, String}[4]" classname="pl.polsl.TaskManagerTest" time="0"/>
  <testcase name="testShouldAddTask{String, String, String, String, String}[1]" classname="pl.polsl.TaskManagerTest" time="0"/>
  <testcase name="testShouldAddTask{String, String, String, String, String}[2]" classname="pl.polsl.TaskManagerTest" time="0"/>
  <testcase name="testShouldAddTask{String, String, String, String, String}[3]" classname="pl.polsl.TaskManagerTest" time="0.002"/>
  <testcase name="testShouldAddTask{String, String, String, String, String}[4]" classname="pl.polsl.TaskManagerTest" time="0"/>
  <testcase name="testShouldThrowExceptionWhenTriedToGetNonExistingTask{String, String, String, String, String, String}[1]" classname="pl.polsl.TaskManagerTest" time="0.001"/>
  <testcase name="testShouldThrowExceptionWhenTriedToGetNonExistingTask{String, String, String, String, String, String}[2]" classname="pl.polsl.TaskManagerTest" time="0"/>
  <testcase name="testShouldThrowExceptionWhenTriedToGetNonExistingTask{String, String, String, String, String, String}[3]" classname="pl.polsl.TaskManagerTest" time="0.004"/>
  <testcase name="testShouldThrowExceptionWhenTriedToGetNonExistingTask{String, String, String, String, String, String}[4]" classname="pl.polsl.TaskManagerTest" time="0.001"/>
  <testcase name="testShouldGetTask{String, String, String, String, String, String}[1]" classname="pl.polsl.TaskManagerTest" time="0.002"/>
  <testcase name="testShouldGetTask{String, String, String, String, String, String}[2]" classname="pl.polsl.TaskManagerTest" time="0.001"/>
  <testcase name="testShouldGetTask{String, String, String, String, String, String}[3]" classname="pl.polsl.TaskManagerTest" time="0"/>
  <testcase name="testShouldGetTask{String, String, String, String, String, String}[4]" classname="pl.polsl.TaskManagerTest" time="0"/>
</testsuite>